<?xml version="1.0" encoding="UTF-8"?>
<!-- Generated by org.testng.reporters.JUnitXMLReporter -->
<testsuite ignored="0" hostname="DESKTOP-77EIP0B" failures="1" tests="1" name="validating title" time="9.499" errors="0" timestamp="2021-12-14T00:43:27 IST">
  <testcase classname="Academy.validateTitle" name="basePageNavigation" time="0.042">
    <failure type="junit.framework.ComparisonFailure" message="expected:&amp;lt;...&amp;gt; but was:&amp;lt;...12&amp;gt;">
      <![CDATA[junit.framework.ComparisonFailure: expected:<...> but was:<...12>
at junit.framework.Assert.assertEquals(Assert.java:81)
at junit.framework.Assert.assertEquals(Assert.java:87)
at Academy.validateTitle.basePageNavigation(validateTitle.java:43)
at java.base/java.util.ArrayList.forEach(ArrayList.java:1511)
... Removed 27 stack frames]]>
    </failure>
  </testcase> <!-- basePageNavigation -->
</testsuite> <!-- validating title -->
