<?xml version="1.0" encoding="UTF-8"?>
<!-- Generated by org.testng.reporters.JUnitXMLReporter -->
<testsuite ignored="0" hostname="DESKTOP-77EIP0B" failures="0" tests="4" name="Test" time="96.015" errors="0" timestamp="2021-12-13T21:09:32 IST">
  <testcase classname="Academy.validateNavigationBar" name="basePageNavigation" time="0.462"/>
  <testcase classname="Academy.HomePage" name="basePageNavigation" time="8.658"/>
  <testcase classname="Academy.HomePage" name="basePageNavigation" time="6.589"/>
  <testcase classname="Academy.validateTitle" name="basePageNavigation" time="0.048"/>
</testsuite> <!-- Test -->
