-------------------------------------------------------------------------------
Test set: TestSuite
-------------------------------------------------------------------------------
Tests run: 4, Failures: 1, Errors: 0, Skipped: 0, Time elapsed: 55.797 s <<< FAILURE! - in TestSuite
Academy.validateTitle.basePageNavigation  Time elapsed: 0.724 s  <<< FAILURE!
junit.framework.ComparisonFailure: expected:<...> but was:<...12>
	at Academy.validateTitle.basePageNavigation(validateTitle.java:43)

