<?xml version="1.0" encoding="UTF-8"?>
<testng-results ignored="0" total="2" passed="2" failed="0" skipped="0">
  <reporter-output>
  </reporter-output>
  <suite started-at="2021-12-15T00:22:34 IST" name="Default suite" finished-at="2021-12-15T00:23:05 IST" duration-ms="30317">
    <groups>
    </groups>
    <test started-at="2021-12-15T00:22:34 IST" name="Default test" finished-at="2021-12-15T00:23:05 IST" duration-ms="30317">
      <class name="Academy.HomePage">
        <test-method is-config="true" signature="initialize()[pri:0, instance:Academy.HomePage@71ae31b0]" started-at="2021-12-15T00:22:34 IST" name="initialize" finished-at="2021-12-15T00:22:55 IST" duration-ms="20584" status="PASS">
          <reporter-output>
          </reporter-output>
        </test-method> <!-- initialize -->
        <test-method signature="basePageNavigation(java.lang.String,java.lang.String,java.lang.String)[pri:0, instance:Academy.HomePage@71ae31b0]" started-at="2021-12-15T00:22:55 IST" name="basePageNavigation" data-provider="getData" finished-at="2021-12-15T00:23:01 IST" duration-ms="6041" status="PASS">
          <params>
            <param index="0">
              <value>
                <![CDATA[abc123@gmail.com]]>
              </value>
            </param>
            <param index="1">
              <value>
                <![CDATA[123456]]>
              </value>
            </param>
            <param index="2">
              <value>
                <![CDATA[restricted user]]>
              </value>
            </param>
          </params>
          <reporter-output>
          </reporter-output>
        </test-method> <!-- basePageNavigation -->
        <test-method signature="basePageNavigation(java.lang.String,java.lang.String,java.lang.String)[pri:0, instance:Academy.HomePage@71ae31b0]" started-at="2021-12-15T00:23:01 IST" name="basePageNavigation" data-provider="getData" finished-at="2021-12-15T00:23:04 IST" duration-ms="2707" status="PASS">
          <params>
            <param index="0">
              <value>
                <![CDATA[wesccs@redii.com]]>
              </value>
            </param>
            <param index="1">
              <value>
                <![CDATA[546788]]>
              </value>
            </param>
            <param index="2">
              <value>
                <![CDATA[non restricted user]]>
              </value>
            </param>
          </params>
          <reporter-output>
          </reporter-output>
        </test-method> <!-- basePageNavigation -->
        <test-method is-config="true" signature="teardown()[pri:0, instance:Academy.HomePage@71ae31b0]" started-at="2021-12-15T00:23:04 IST" name="teardown" finished-at="2021-12-15T00:23:05 IST" duration-ms="678" status="PASS">
          <reporter-output>
          </reporter-output>
        </test-method> <!-- teardown -->
      </class> <!-- Academy.HomePage -->
    </test> <!-- Default test -->
  </suite> <!-- Default suite -->
</testng-results>
